TN:
SF:apps/assignment/src/domain/model/PostsM.ts
FNF:0
FNH:0
DA:1,1
LF:1
LH:1
BRF:0
BRH:0
end_of_record
TN:
SF:apps/assignment/src/domain/model/UserM.ts
FNF:0
FNH:0
DA:3,1
DA:10,1
DA:14,1
LF:3
LH:3
BRF:0
BRH:0
end_of_record
TN:
SF:apps/assignment/src/infrastructure/config/typeorm/typeorm.module.ts
FN:7,(anonymous_1)
FNF:1
FNH:1
FNDA:1,(anonymous_1)
DA:1,1
DA:2,1
DA:3,1
DA:4,1
DA:5,1
DA:7,1
DA:10,1
DA:33,1
LF:8
LH:8
BRF:0
BRH:0
end_of_record
TN:
SF:apps/assignment/src/infrastructure/entities/posts.entity.ts
FN:26,(anonymous_2)
FN:26,(anonymous_3)
FNF:2
FNH:2
FNDA:1,(anonymous_2)
FNDA:1,(anonymous_3)
DA:1,1
DA:8,1
DA:9,1
DA:12,1
DA:13,1
DA:16,1
DA:19,1
DA:22,1
DA:26,1
LF:9
LH:9
BRF:0
BRH:0
end_of_record
TN:
SF:apps/assignment/src/infrastructure/entities/user.entity.ts
FN:36,(anonymous_2)
FN:36,(anonymous_3)
FNF:2
FNH:2
FNDA:1,(anonymous_2)
FNDA:1,(anonymous_3)
DA:1,1
DA:2,1
DA:3,1
DA:6,1
DA:7,1
DA:13,1
DA:18,1
DA:23,1
DA:29,1
DA:36,1
LF:10
LH:10
BRF:0
BRH:0
end_of_record
TN:
SF:apps/assignment/src/infrastructure/repositories/post.repository.ts
FN:10,(anonymous_4)
FN:15,(anonymous_5)
FN:25,(anonymous_6)
FN:28,(anonymous_7)
FN:33,(anonymous_8)
FN:42,(anonymous_9)
FN:46,(anonymous_10)
FNF:7
FNH:1
FNDA:1,(anonymous_4)
FNDA:0,(anonymous_5)
FNDA:0,(anonymous_6)
FNDA:0,(anonymous_7)
FNDA:0,(anonymous_8)
FNDA:0,(anonymous_9)
FNDA:0,(anonymous_10)
DA:1,1
DA:2,1
DA:3,1
DA:5,1
DA:6,1
DA:9,1
DA:12,1
DA:16,0
DA:17,0
DA:18,0
DA:19,0
DA:20,0
DA:21,0
DA:22,0
DA:26,0
DA:27,0
DA:28,0
DA:29,0
DA:30,0
DA:34,0
DA:39,0
DA:43,0
DA:47,0
DA:49,0
DA:50,0
DA:51,0
DA:53,0
LF:27
LH:7
BRF:0
BRH:0
end_of_record
TN:
SF:apps/assignment/src/infrastructure/repositories/repositories.module.ts
FNF:0
FNH:0
DA:1,1
DA:2,1
DA:3,1
DA:4,1
DA:5,1
DA:6,1
DA:7,1
DA:14,1
LF:8
LH:8
BRF:0
BRH:0
end_of_record
TN:
SF:apps/assignment/src/infrastructure/repositories/user.repository.ts
FN:10,(anonymous_4)
FN:15,(anonymous_5)
FN:20,(anonymous_6)
FN:29,(anonymous_7)
FN:34,(anonymous_8)
FN:36,(anonymous_9)
FN:39,(anonymous_10)
FN:51,(anonymous_11)
FN:62,(anonymous_12)
FNF:9
FNH:1
FNDA:1,(anonymous_4)
FNDA:0,(anonymous_5)
FNDA:0,(anonymous_6)
FNDA:0,(anonymous_7)
FNDA:0,(anonymous_8)
FNDA:0,(anonymous_9)
FNDA:0,(anonymous_10)
FNDA:0,(anonymous_11)
FNDA:0,(anonymous_12)
DA:1,1
DA:2,1
DA:3,1
DA:5,1
DA:6,1
DA:9,1
DA:12,1
DA:16,0
DA:17,0
DA:21,0
DA:26,0
DA:30,0
DA:31,0
DA:35,0
DA:36,0
DA:40,0
DA:45,0
DA:46,0
DA:48,0
DA:52,0
DA:63,0
DA:65,0
DA:66,0
DA:67,0
DA:68,0
DA:69,0
DA:71,0
LF:27
LH:7
BRDA:45,0,0,0
BRF:1
BRH:0
end_of_record
TN:
SF:apps/auth/src/auth.module.ts
FNF:0
FNH:0
DA:1,1
DA:2,1
DA:3,1
DA:4,1
DA:5,1
DA:6,1
DA:7,1
DA:8,1
DA:9,1
DA:10,1
DA:11,1
DA:12,1
DA:13,1
DA:30,1
LF:14
LH:14
BRF:0
BRH:0
end_of_record
TN:
SF:apps/auth/src/infrastructure/common/guards/jwtAuth.guard.ts
FNF:0
FNH:0
DA:1,1
DA:2,1
DA:5,1
LF:3
LH:3
BRF:0
BRH:0
end_of_record
TN:
SF:apps/auth/src/infrastructure/common/strategies/jwt.strategy.ts
FN:13,(anonymous_4)
FN:21,(anonymous_5)
FN:29,(anonymous_6)
FNF:3
FNH:1
FNDA:1,(anonymous_4)
FNDA:0,(anonymous_5)
FNDA:0,(anonymous_6)
DA:1,1
DA:2,1
DA:3,1
DA:4,1
DA:7,1
DA:8,1
DA:9,1
DA:12,1
DA:15,1
DA:16,1
DA:17,1
DA:19,1
DA:22,0
DA:30,0
DA:33,0
DA:34,0
DA:35,0
DA:39,0
LF:18
LH:12
BRDA:22,0,0,0
BRDA:22,0,1,0
BRDA:22,1,0,0
BRDA:22,1,1,0
BRDA:22,2,0,0
BRDA:22,2,1,0
BRDA:22,3,0,0
BRDA:22,3,1,0
BRDA:33,4,0,0
BRF:9
BRH:0
end_of_record
TN:
SF:apps/auth/src/infrastructure/common/strategies/local.strategy.ts
FN:12,(anonymous_4)
FN:21,(anonymous_5)
FNF:2
FNH:1
FNDA:1,(anonymous_4)
FNDA:0,(anonymous_5)
DA:1,1
DA:2,1
DA:3,1
DA:4,1
DA:5,1
DA:7,1
DA:8,1
DA:11,1
DA:14,1
DA:15,1
DA:16,1
DA:18,1
DA:22,0
DA:23,0
DA:27,0
DA:29,0
DA:32,0
DA:33,0
DA:34,0
DA:38,0
LF:20
LH:12
BRDA:22,0,0,0
BRDA:22,1,0,0
BRDA:22,1,1,0
BRDA:32,2,0,0
BRF:4
BRH:0
end_of_record
TN:
SF:apps/auth/src/infrastructure/controllers/auth/auth-dto.class.ts
FNF:0
FNH:0
DA:1,1
DA:2,1
DA:3,1
DA:5,1
DA:6,1
DA:11,1
DA:17,1
DA:19,1
DA:22,1
DA:25,1
DA:28,1
DA:33,1
LF:12
LH:12
BRF:0
BRH:0
end_of_record
TN:
SF:apps/auth/src/infrastructure/controllers/auth/auth.controller.ts
FN:41,(anonymous_4)
FN:54,(anonymous_5)
FN:65,(anonymous_6)
FN:77,(anonymous_7)
FN:88,(anonymous_8)
FNF:5
FNH:2
FNDA:1,(anonymous_4)
FNDA:0,(anonymous_5)
FNDA:1,(anonymous_6)
FNDA:0,(anonymous_7)
FNDA:0,(anonymous_8)
DA:1,1
DA:11,1
DA:20,1
DA:21,1
DA:23,1
DA:24,1
DA:25,1
DA:30,1
DA:40,1
DA:43,1
DA:45,1
DA:47,1
DA:49,1
DA:54,1
DA:55,0
DA:58,0
DA:65,1
DA:66,1
DA:69,1
DA:70,1
DA:71,1
DA:77,1
DA:78,0
DA:79,0
DA:80,0
DA:88,1
DA:89,0
DA:92,0
DA:93,0
DA:94,0
DA:95,0
DA:96,0
LF:32
LH:21
BRF:0
BRH:0
end_of_record
TN:
SF:apps/auth/src/infrastructure/controllers/auth/auth.presenter.ts
FNF:0
FNH:0
DA:1,1
DA:3,1
DA:4,1
LF:3
LH:3
BRF:0
BRH:0
end_of_record
TN:
SF:apps/auth/src/infrastructure/services/bcrypt/bcrypt.module.ts
FNF:0
FNH:0
DA:1,1
DA:2,1
DA:8,1
LF:3
LH:3
BRF:0
BRH:0
end_of_record
TN:
SF:apps/auth/src/infrastructure/services/bcrypt/bcrypt.service.ts
FN:6,(anonymous_1)
FN:9,(anonymous_2)
FN:13,(anonymous_3)
FNF:3
FNH:1
FNDA:1,(anonymous_1)
FNDA:0,(anonymous_2)
FNDA:0,(anonymous_3)
DA:1,1
DA:3,1
DA:6,1
DA:7,1
DA:10,0
DA:14,0
LF:6
LH:4
BRF:0
BRH:0
end_of_record
TN:
SF:apps/auth/src/infrastructure/services/jwt/jwt.module.ts
FNF:0
FNH:0
DA:1,1
DA:2,1
DA:3,1
DA:4,1
DA:19,1
LF:5
LH:5
BRF:0
BRH:0
end_of_record
TN:
SF:apps/auth/src/infrastructure/services/jwt/jwt.service.ts
FN:10,(anonymous_2)
FN:12,(anonymous_3)
FN:17,(anonymous_4)
FNF:3
FNH:1
FNDA:1,(anonymous_2)
FNDA:0,(anonymous_3)
FNDA:0,(anonymous_4)
DA:1,1
DA:2,1
DA:9,1
DA:10,1
DA:13,0
DA:14,0
DA:18,0
LF:7
LH:4
BRF:0
BRH:0
end_of_record
TN:
SF:apps/auth/src/infrastructure/usecase-proxy/usecases-proxy.module.ts
FN:39,(anonymous_1)
FN:53,(anonymous_2)
FN:75,(anonymous_3)
FN:81,(anonymous_4)
FN:86,(anonymous_5)
FNF:5
FNH:3
FNDA:1,(anonymous_1)
FNDA:0,(anonymous_2)
FNDA:0,(anonymous_3)
FNDA:1,(anonymous_4)
FNDA:1,(anonymous_5)
DA:1,1
DA:2,1
DA:3,1
DA:4,1
DA:5,1
DA:6,1
DA:7,1
DA:8,1
DA:9,1
DA:10,1
DA:11,1
DA:12,1
DA:13,1
DA:14,1
DA:15,1
DA:16,1
DA:17,1
DA:18,1
DA:19,1
DA:32,1
DA:34,1
DA:35,1
DA:36,1
DA:37,1
DA:40,1
DA:61,0
DA:76,0
DA:81,1
DA:91,1
LF:29
LH:27
BRF:0
BRH:0
end_of_record
TN:
SF:apps/auth/src/infrastructure/usecase-proxy/usecases-proxy.ts
FN:2,(anonymous_0)
FN:3,(anonymous_1)
FNF:2
FNH:1
FNDA:2,(anonymous_0)
FNDA:0,(anonymous_1)
DA:1,1
DA:2,2
DA:4,0
LF:3
LH:2
BRF:0
BRH:0
end_of_record
TN:
SF:apps/auth/src/usecases/auth/isAuthenticated.usecases.ts
FN:8,(anonymous_1)
FN:10,(anonymous_2)
FNF:2
FNH:0
FNDA:0,(anonymous_1)
FNDA:0,(anonymous_2)
DA:7,1
DA:8,0
DA:11,0
DA:12,0
DA:13,0
DA:14,0
LF:6
LH:1
BRF:0
BRH:0
end_of_record
TN:
SF:apps/auth/src/usecases/auth/login.usecases.ts
FN:11,(anonymous_1)
FN:20,(anonymous_2)
FN:32,(anonymous_3)
FN:52,(anonymous_4)
FNF:4
FNH:0
FNDA:0,(anonymous_1)
FNDA:0,(anonymous_2)
FNDA:0,(anonymous_3)
FNDA:0,(anonymous_4)
DA:10,1
DA:12,0
DA:13,0
DA:14,0
DA:15,0
DA:16,0
DA:17,0
DA:21,0
DA:25,0
DA:26,0
DA:27,0
DA:28,0
DA:29,0
DA:33,0
DA:34,0
DA:35,0
DA:40,0
DA:41,0
DA:43,0
DA:44,0
DA:46,0
DA:53,0
DA:54,0
DA:55,0
DA:60,0
LF:25
LH:1
BRDA:34,0,0,0
BRDA:41,1,0,0
BRDA:41,2,0,0
BRDA:41,2,1,0
BRDA:54,3,0,0
BRF:5
BRH:0
end_of_record
TN:
SF:apps/auth/src/usecases/auth/logout.usecases.ts
FN:2,(anonymous_0)
FNF:1
FNH:0
FNDA:0,(anonymous_0)
DA:1,1
DA:3,0
LF:2
LH:1
BRF:0
BRH:0
end_of_record
TN:
SF:apps/auth/src/usecases/auth/register.user.usecase.ts
FN:7,(anonymous_0)
FN:13,(anonymous_1)
FNF:2
FNH:1
FNDA:1,(anonymous_0)
FNDA:0,(anonymous_1)
DA:6,1
DA:8,1
DA:9,1
DA:10,1
DA:14,0
DA:15,0
DA:16,0
DA:17,0
DA:22,0
DA:23,0
LF:10
LH:4
BRDA:16,0,0,0
BRF:1
BRH:0
end_of_record
TN:
SF:libs/shared/src/domain/enums/Roles.enum.ts
FN:1,(anonymous_0)
FNF:1
FNH:1
FNDA:1,(anonymous_0)
DA:1,1
DA:2,1
DA:3,1
DA:4,1
DA:5,1
LF:5
LH:5
BRDA:1,0,0,1
BRDA:1,0,1,1
BRF:2
BRH:2
end_of_record
TN:
SF:libs/shared/src/infrastructure/common/interceptors/response.interceptors.ts
FN:27,(anonymous_2)
FN:36,(anonymous_3)
FNF:2
FNH:0
FNDA:0,(anonymous_2)
FNDA:0,(anonymous_3)
DA:1,1
DA:7,1
DA:8,1
DA:10,1
DA:11,1
DA:13,1
DA:15,1
DA:17,1
DA:24,1
DA:31,0
DA:32,0
DA:33,0
DA:35,0
DA:36,0
LF:14
LH:9
BRF:0
BRH:0
end_of_record
TN:
SF:libs/shared/src/infrastructure/common/swagger/res.decorator.ts
FN:5,(anonymous_0)
FNF:1
FNH:1
FNDA:2,(anonymous_0)
DA:1,1
DA:2,1
DA:3,1
DA:5,1
DA:9,2
LF:5
LH:5
BRF:0
BRH:0
end_of_record
TN:
SF:libs/shared/src/infrastructure/config/environment-config/environment-config.module.ts
FNF:0
FNH:0
DA:1,1
DA:2,1
DA:3,1
DA:4,1
DA:21,1
LF:5
LH:5
BRDA:11,0,0,1
BRDA:11,0,1,0
BRDA:11,1,0,1
BRDA:11,1,1,1
BRF:4
BRH:3
end_of_record
TN:
SF:libs/shared/src/infrastructure/config/environment-config/environment-config.service.ts
FN:10,(anonymous_2)
FN:11,(anonymous_3)
FN:14,(anonymous_4)
FN:17,(anonymous_5)
FN:20,(anonymous_6)
FN:23,(anonymous_7)
FN:27,(anonymous_8)
FN:31,(anonymous_9)
FN:35,(anonymous_10)
FN:39,(anonymous_11)
FN:43,(anonymous_12)
FN:47,(anonymous_13)
FN:51,(anonymous_14)
FNF:13
FNH:10
FNDA:2,(anonymous_2)
FNDA:1,(anonymous_3)
FNDA:1,(anonymous_4)
FNDA:1,(anonymous_5)
FNDA:0,(anonymous_6)
FNDA:1,(anonymous_7)
FNDA:0,(anonymous_8)
FNDA:1,(anonymous_9)
FNDA:1,(anonymous_10)
FNDA:1,(anonymous_11)
FNDA:1,(anonymous_12)
FNDA:1,(anonymous_13)
FNDA:0,(anonymous_14)
DA:2,1
DA:3,1
DA:7,1
DA:10,2
DA:12,1
DA:15,1
DA:18,1
DA:21,0
DA:24,1
DA:28,0
DA:32,1
DA:36,1
DA:40,1
DA:44,1
DA:48,1
DA:52,0
LF:16
LH:13
BRF:0
BRH:0
end_of_record
TN:
SF:libs/shared/src/infrastructure/config/environment-config/environment-config.validation.ts
FN:10,(anonymous_2)
FN:52,validate
FNF:2
FNH:2
FNDA:1,(anonymous_2)
FNDA:1,validate
DA:1,1
DA:2,1
DA:10,1
DA:11,1
DA:12,1
DA:13,1
DA:14,1
DA:18,1
DA:22,1
DA:26,1
DA:28,1
DA:30,1
DA:32,1
DA:34,1
DA:38,1
DA:40,1
DA:42,1
DA:44,1
DA:46,1
DA:48,1
DA:52,1
DA:53,1
DA:56,1
DA:60,1
DA:61,0
DA:63,1
LF:26
LH:25
BRDA:10,0,0,1
BRDA:10,0,1,1
BRDA:60,1,0,0
BRF:3
BRH:2
end_of_record
TN:
SF:libs/shared/src/infrastructure/exceptions/exceptions.module.ts
FNF:0
FNH:0
DA:1,1
DA:2,1
DA:8,1
LF:3
LH:3
BRF:0
BRH:0
end_of_record
TN:
SF:libs/shared/src/infrastructure/exceptions/exceptions.service.ts
FN:15,(anonymous_1)
FN:18,(anonymous_2)
FN:21,(anonymous_3)
FN:24,(anonymous_4)
FNF:4
FNH:0
FNDA:0,(anonymous_1)
FNDA:0,(anonymous_2)
FNDA:0,(anonymous_3)
FNDA:0,(anonymous_4)
DA:1,1
DA:14,1
DA:16,0
DA:19,0
DA:22,0
DA:25,0
LF:6
LH:2
BRF:0
BRH:0
end_of_record
TN:
SF:libs/shared/src/infrastructure/logger/logger.module.ts
FNF:0
FNH:0
DA:1,1
DA:2,1
DA:8,1
LF:3
LH:3
BRF:0
BRH:0
end_of_record
TN:
SF:libs/shared/src/infrastructure/logger/logger.service.ts
FN:6,(anonymous_1)
FN:11,(anonymous_2)
FN:14,(anonymous_3)
FN:17,(anonymous_4)
FN:20,(anonymous_5)
FNF:5
FNH:0
FNDA:0,(anonymous_1)
FNDA:0,(anonymous_2)
FNDA:0,(anonymous_3)
FNDA:0,(anonymous_4)
FNDA:0,(anonymous_5)
DA:1,1
DA:5,1
DA:7,0
DA:8,0
DA:12,0
DA:15,0
DA:18,0
DA:21,0
DA:22,0
LF:9
LH:2
BRDA:7,0,0,0
BRDA:21,1,0,0
BRF:2
BRH:0
end_of_record
TN:
SF:libs/shared/src/infrastructure/services/mail/mail.module.ts
FNF:0
FNH:0
DA:1,1
DA:2,1
DA:3,1
DA:9,1
LF:4
LH:4
BRF:0
BRH:0
end_of_record
TN:
SF:libs/shared/src/infrastructure/services/mail/mailer.service.ts
FN:11,(anonymous_2)
FN:22,(anonymous_3)
FNF:2
FNH:1
FNDA:1,(anonymous_2)
FNDA:0,(anonymous_3)
DA:1,1
DA:2,1
DA:5,1
DA:8,1
DA:11,1
DA:12,1
DA:23,0
DA:24,0
DA:32,0
DA:34,0
DA:35,0
DA:36,0
DA:38,0
LF:13
LH:6
BRF:0
BRH:0
end_of_record
TN:
SF:libs/shared/src/rmq/rmqmodule.ts
FN:17,(anonymous_1)
FN:21,(anonymous_2)
FNF:2
FNH:0
FNDA:0,(anonymous_1)
FNDA:0,(anonymous_2)
DA:1,1
DA:2,1
DA:3,1
DA:4,1
DA:16,1
DA:18,0
DA:22,0
DA:23,0
DA:24,0
DA:26,0
DA:41,0
LF:11
LH:5
BRF:0
BRH:0
end_of_record
TN:
SF:libs/shared/src/rmq/rmqservice.ts
FN:8,(anonymous_2)
FN:10,(anonymous_3)
FN:28,(anonymous_4)
FNF:3
FNH:1
FNDA:1,(anonymous_2)
FNDA:0,(anonymous_3)
FNDA:0,(anonymous_4)
DA:1,1
DA:2,1
DA:3,1
DA:7,1
DA:8,1
DA:11,0
DA:12,0
DA:13,0
DA:15,0
DA:29,0
DA:30,0
DA:31,0
LF:12
LH:5
BRF:0
BRH:0
end_of_record
